TN:
SF:/Users/upesenga/Documents/Projects/Learning/rick_and_morty_apis/src/polyfills.ts
FNF:0
FNH:0
LF:0
LH:0
BRF:0
BRH:0
end_of_record
TN:
SF:/Users/upesenga/Documents/Projects/Learning/rick_and_morty_apis/src/test.ts
FNF:0
FNH:0
DA:18,1
DA:23,1
DA:25,1
LF:3
LH:3
BRF:0
BRH:0
end_of_record
TN:
SF:/Users/upesenga/Documents/Projects/Learning/rick_and_morty_apis/src/app/app.component.ts
FN:8,(anonymous_0)
FNF:1
FNH:1
FNDA:2,(anonymous_0)
DA:8,1
DA:9,2
LF:2
LH:2
BRF:0
BRH:0
end_of_record
TN:
SF:/Users/upesenga/Documents/Projects/Learning/rick_and_morty_apis/src/app/components/character/character.component.ts
FN:12,(anonymous_0)
FN:14,(anonymous_1)
FNF:2
FNH:2
FNDA:1,(anonymous_0)
FNDA:1,(anonymous_1)
DA:8,1
DA:10,1
LF:2
LH:2
BRF:0
BRH:0
end_of_record
TN:
SF:/Users/upesenga/Documents/Projects/Learning/rick_and_morty_apis/src/app/components/container/container.component.ts
FN:13,(anonymous_0)
FN:17,(anonymous_1)
FN:18,(anonymous_2)
FN:23,(anonymous_3)
FN:24,(anonymous_4)
FN:28,(anonymous_5)
FN:29,(anonymous_6)
FNF:7
FNH:6
FNDA:1,(anonymous_0)
FNDA:2,(anonymous_1)
FNDA:2,(anonymous_2)
FNDA:2,(anonymous_3)
FNDA:1,(anonymous_4)
FNDA:1,(anonymous_5)
FNDA:0,(anonymous_6)
DA:9,1
DA:11,1
DA:12,1
DA:14,1
DA:18,2
DA:19,2
DA:21,2
DA:24,2
DA:25,1
DA:28,2
DA:29,1
DA:30,0
LF:12
LH:11
BRDA:30,0,0,0
BRDA:30,0,1,0
BRF:2
BRH:0
end_of_record
TN:
SF:/Users/upesenga/Documents/Projects/Learning/rick_and_morty_apis/src/app/components/filters/filters.component.ts
FN:17,(anonymous_0)
FN:29,(anonymous_1)
FN:30,(anonymous_2)
FN:34,(anonymous_3)
FN:34,(anonymous_4)
FN:46,(anonymous_5)
FN:49,(anonymous_6)
FN:60,(anonymous_7)
FN:65,(anonymous_8)
FN:76,(anonymous_9)
FN:79,(anonymous_10)
FNF:11
FNH:8
FNDA:3,(anonymous_0)
FNDA:3,(anonymous_1)
FNDA:6,(anonymous_2)
FNDA:3,(anonymous_3)
FNDA:3,(anonymous_4)
FNDA:0,(anonymous_5)
FNDA:0,(anonymous_6)
FNDA:1,(anonymous_7)
FNDA:3,(anonymous_8)
FNDA:7,(anonymous_9)
FNDA:0,(anonymous_10)
DA:11,1
DA:13,3
DA:14,3
DA:16,1
DA:18,3
DA:19,3
DA:21,3
DA:30,3
DA:31,6
DA:32,6
DA:33,6
DA:34,3
DA:35,3
DA:36,3
DA:38,3
DA:40,6
DA:43,3
DA:47,0
DA:48,0
DA:49,0
DA:50,0
DA:51,0
DA:52,0
DA:55,0
DA:60,3
DA:61,1
DA:66,3
DA:67,1
DA:68,1
DA:69,1
DA:70,1
DA:72,2
DA:77,7
DA:78,7
DA:79,1
DA:80,0
DA:81,1
DA:82,0
DA:84,1
DA:90,7
DA:91,4
DA:93,7
LF:42
LH:33
BRDA:33,0,0,3
BRDA:33,0,1,3
BRDA:47,1,0,0
BRDA:47,1,1,0
BRDA:48,2,0,0
BRDA:48,2,1,0
BRDA:51,3,0,0
BRDA:51,3,1,0
BRDA:66,4,0,1
BRDA:66,4,1,2
BRDA:77,5,0,7
BRDA:77,5,1,6
BRDA:78,6,0,1
BRDA:78,6,1,6
BRDA:78,7,0,7
BRDA:78,7,1,1
BRDA:81,8,0,0
BRDA:81,8,1,1
BRDA:90,9,0,4
BRDA:90,9,1,3
BRDA:90,10,0,7
BRDA:90,10,1,4
BRF:22
BRH:15
end_of_record
TN:
SF:/Users/upesenga/Documents/Projects/Learning/rick_and_morty_apis/src/app/components/footer/footer.component.ts
FN:10,(anonymous_0)
FN:12,(anonymous_1)
FNF:2
FNH:2
FNDA:1,(anonymous_0)
FNDA:1,(anonymous_1)
DA:8,1
LF:1
LH:1
BRF:0
BRH:0
end_of_record
TN:
SF:/Users/upesenga/Documents/Projects/Learning/rick_and_morty_apis/src/app/components/header/header.component.ts
FN:10,(anonymous_0)
FN:12,(anonymous_1)
FNF:2
FNH:2
FNDA:1,(anonymous_0)
FNDA:1,(anonymous_1)
DA:8,1
LF:1
LH:1
BRF:0
BRH:0
end_of_record
TN:
SF:/Users/upesenga/Documents/Projects/Learning/rick_and_morty_apis/src/app/components/home/home.component.ts
FN:10,(anonymous_0)
FN:12,(anonymous_1)
FNF:2
FNH:2
FNDA:1,(anonymous_0)
FNDA:1,(anonymous_1)
DA:8,1
LF:1
LH:1
BRF:0
BRH:0
end_of_record
TN:
SF:/Users/upesenga/Documents/Projects/Learning/rick_and_morty_apis/src/app/components/side-bar/side-bar.component.ts
FN:73,(anonymous_0)
FN:77,(anonymous_1)
FN:79,(anonymous_2)
FN:80,(anonymous_3)
FN:86,(anonymous_4)
FN:89,(anonymous_5)
FN:90,(anonymous_6)
FN:92,(anonymous_7)
FN:104,(anonymous_8)
FNF:9
FNH:9
FNDA:1,(anonymous_0)
FNDA:1,(anonymous_1)
FNDA:3,(anonymous_2)
FNDA:11,(anonymous_3)
FNDA:1,(anonymous_4)
FNDA:3,(anonymous_5)
FNDA:11,(anonymous_6)
FNDA:1,(anonymous_7)
FNDA:1,(anonymous_8)
DA:10,1
DA:13,1
DA:74,1
DA:78,1
DA:79,1
DA:80,11
DA:82,1
DA:86,1
DA:87,1
DA:88,1
DA:89,1
DA:90,3
DA:91,11
DA:92,1
DA:93,1
DA:95,1
DA:96,1
DA:100,1
DA:101,1
DA:104,1
DA:105,1
DA:106,1
LF:22
LH:22
BRDA:91,0,0,1
BRDA:91,0,1,10
BRDA:95,1,0,1
BRDA:95,1,1,0
BRF:4
BRH:3
end_of_record
TN:
SF:/Users/upesenga/Documents/Projects/Learning/rick_and_morty_apis/src/app/pipes/array-filter.pipe.ts
FN:9,(anonymous_0)
FN:13,(anonymous_1)
FN:21,(anonymous_2)
FN:22,(anonymous_3)
FN:27,(anonymous_4)
FNF:5
FNH:5
FNDA:3,(anonymous_0)
FNDA:3,(anonymous_1)
FNDA:3,(anonymous_2)
FNDA:6,(anonymous_3)
FNDA:2,(anonymous_4)
DA:7,1
DA:10,3
DA:11,1
DA:12,1
DA:13,1
DA:14,3
DA:15,3
DA:16,3
DA:18,3
DA:20,1
DA:21,1
DA:22,3
DA:23,6
DA:24,2
DA:26,4
DA:27,2
DA:29,2
DA:32,1
DA:34,2
LF:19
LH:19
BRDA:10,0,0,1
BRDA:10,0,1,2
BRDA:10,1,0,3
BRDA:10,1,1,3
BRDA:10,1,2,1
BRDA:15,2,0,3
BRDA:15,2,1,0
BRDA:23,3,0,2
BRDA:23,3,1,4
BRDA:26,4,0,2
BRDA:26,4,1,2
BRF:11
BRH:10
end_of_record
TN:
SF:/Users/upesenga/Documents/Projects/Learning/rick_and_morty_apis/src/app/services/app.service.ts
FN:23,(anonymous_0)
FN:26,(anonymous_1)
FN:29,(anonymous_2)
FN:32,(anonymous_3)
FN:33,(anonymous_4)
FN:37,(anonymous_5)
FN:40,(anonymous_6)
FNF:7
FNH:7
FNDA:11,(anonymous_0)
FNDA:5,(anonymous_1)
FNDA:4,(anonymous_2)
FNDA:3,(anonymous_3)
FNDA:2,(anonymous_4)
FNDA:10,(anonymous_5)
FNDA:3,(anonymous_6)
DA:10,1
DA:11,11
DA:12,11
DA:14,11
DA:15,11
DA:17,11
DA:18,11
DA:20,11
DA:21,11
DA:24,11
DA:27,5
DA:30,4
DA:33,3
DA:34,2
DA:38,10
DA:41,3
LF:16
LH:16
BRF:0
BRH:0
end_of_record
